<?xml version="1.0" encoding="UTF-8"?>
<!-- Generated by org.testng.reporters.JUnitReportReporter -->
<testsuite hostname="SHUBHAMS_Lappy" failures="0" tests="1" name="testcases.SearchTestCases" time="17.360" errors="0" timestamp="2023-08-04T12:14:32 IST" skipped="0">
  <testcase classname="testcases.SearchTestCases" name="Search" time="17.360"/>
</testsuite> <!-- testcases.SearchTestCases -->
